<?xml version="1.0" encoding="UTF-8"?>
<testsuite name="test_cases" tests="13" failures="0" errors="0" skipped="0" time="5.420" timestamp="2026-08-20T06:29:02.321353+00:00" hostname="Home"><testcase name="abaqus_parser_t01_explicit" classname="test_cases" time="0.103" /><testcase name="abaqus_parser_t01_implicit" classname="test_cases" time="0.103" /><testcase name="c3d8r_im_t02" classname="test_cases" time="0.118" /><testcase name="c3d8r_im_t01d_affine_skew" classname="test_cases" time="0.113" /><testcase name="c3d8r_im_t05" classname="test_cases" time="0.120" /><testcase name="remesh_cantilever_beam_hex8" classname="test_cases" time="0.519" /><testcase name="c3d8r_im_t01d_one_node_warped" classname="test_cases" time="0.110" /><testcase name="c3d8r_im_t01" classname="test_cases" time="0.113" /><testcase name="simdroid_delete_part" classname="test_cases" time="0.012" /><testcase name="c3d8r_im_t07" classname="test_cases" time="0.112" /><testcase name="tet4_mat1_im" classname="test_cases" time="0.320" /><testcase name="remesh_doublepart_tet10" classname="test_cases" time="1.781" /><testcase name="remesh_double_part_hex8" classname="test_cases" time="1.895" /></testsuite>